<?xml version="1.0" encoding="UTF-8"?>
<!-- Generated by org.testng.reporters.JUnitReportReporter -->
<testsuite skipped="0" hostname="NXT-LT063" name="TC_001_Vendor.VendorTestCase" tests="1" failures="0" timestamp="12 Oct 2019 10:17:33 GMT" time="12.499" errors="0">
  <testcase name="FindVendor" time="12.499" classname="TC_001_Vendor.VendorTestCase"/>
</testsuite> <!-- TC_001_Vendor.VendorTestCase -->
